Messaging service listening on http://localhost:3475
SyntaxError: Bad control character in string literal in JSON at position 84
    at JSON.parse (<anonymous>)
    at parse (/Users/jeffbridwell/CascadeProjects/chorus/messaging/node_modules/body-parser/lib/types/json.js:92:19)
    at /Users/jeffbridwell/CascadeProjects/chorus/messaging/node_modules/body-parser/lib/read.js:128:18
    at AsyncResource.runInAsyncScope (node:async_hooks:206:9)
    at invokeCallback (/Users/jeffbridwell/CascadeProjects/chorus/messaging/node_modules/raw-body/index.js:238:16)
    at done (/Users/jeffbridwell/CascadeProjects/chorus/messaging/node_modules/raw-body/index.js:227:7)
    at IncomingMessage.onEnd (/Users/jeffbridwell/CascadeProjects/chorus/messaging/node_modules/raw-body/index.js:287:7)
    at IncomingMessage.emit (node:events:518:28)
    at endReadableNT (node:internal/streams/readable:1696:12)
    at process.processTicksAndRejections (node:internal/process/task_queues:82:21)
SyntaxError: Bad control character in string literal in JSON at position 64
    at JSON.parse (<anonymous>)
    at parse (/Users/jeffbridwell/CascadeProjects/chorus/messaging/node_modules/body-parser/lib/types/json.js:92:19)
    at /Users/jeffbridwell/CascadeProjects/chorus/messaging/node_modules/body-parser/lib/read.js:128:18
    at AsyncResource.runInAsyncScope (node:async_hooks:206:9)
    at invokeCallback (/Users/jeffbridwell/CascadeProjects/chorus/messaging/node_modules/raw-body/index.js:238:16)
    at done (/Users/jeffbridwell/CascadeProjects/chorus/messaging/node_modules/raw-body/index.js:227:7)
    at IncomingMessage.onEnd (/Users/jeffbridwell/CascadeProjects/chorus/messaging/node_modules/raw-body/index.js:287:7)
    at IncomingMessage.emit (node:events:518:28)
    at endReadableNT (node:internal/streams/readable:1696:12)
    at process.processTicksAndRejections (node:internal/process/task_queues:82:21)
SyntaxError: Bad control character in string literal in JSON at position 92
    at JSON.parse (<anonymous>)
    at parse (/Users/jeffbridwell/CascadeProjects/chorus/messaging/node_modules/body-parser/lib/types/json.js:92:19)
    at /Users/jeffbridwell/CascadeProjects/chorus/messaging/node_modules/body-parser/lib/read.js:128:18
    at AsyncResource.runInAsyncScope (node:async_hooks:206:9)
    at invokeCallback (/Users/jeffbridwell/CascadeProjects/chorus/messaging/node_modules/raw-body/index.js:238:16)
    at done (/Users/jeffbridwell/CascadeProjects/chorus/messaging/node_modules/raw-body/index.js:227:7)
    at IncomingMessage.onEnd (/Users/jeffbridwell/CascadeProjects/chorus/messaging/node_modules/raw-body/index.js:287:7)
    at IncomingMessage.emit (node:events:518:28)
    at endReadableNT (node:internal/streams/readable:1696:12)
    at process.processTicksAndRejections (node:internal/process/task_queues:82:21)
SyntaxError: Bad control character in string literal in JSON at position 114
    at JSON.parse (<anonymous>)
    at parse (/Users/jeffbridwell/CascadeProjects/chorus/messaging/node_modules/body-parser/lib/types/json.js:92:19)
    at /Users/jeffbridwell/CascadeProjects/chorus/messaging/node_modules/body-parser/lib/read.js:128:18
    at AsyncResource.runInAsyncScope (node:async_hooks:206:9)
    at invokeCallback (/Users/jeffbridwell/CascadeProjects/chorus/messaging/node_modules/raw-body/index.js:238:16)
    at done (/Users/jeffbridwell/CascadeProjects/chorus/messaging/node_modules/raw-body/index.js:227:7)
    at IncomingMessage.onEnd (/Users/jeffbridwell/CascadeProjects/chorus/messaging/node_modules/raw-body/index.js:287:7)
    at IncomingMessage.emit (node:events:518:28)
    at endReadableNT (node:internal/streams/readable:1696:12)
    at process.processTicksAndRejections (node:internal/process/task_queues:82:21)
SyntaxError: Bad control character in string literal in JSON at position 82
    at JSON.parse (<anonymous>)
    at parse (/Users/jeffbridwell/CascadeProjects/chorus/messaging/node_modules/body-parser/lib/types/json.js:92:19)
    at /Users/jeffbridwell/CascadeProjects/chorus/messaging/node_modules/body-parser/lib/read.js:128:18
    at AsyncResource.runInAsyncScope (node:async_hooks:206:9)
    at invokeCallback (/Users/jeffbridwell/CascadeProjects/chorus/messaging/node_modules/raw-body/index.js:238:16)
    at done (/Users/jeffbridwell/CascadeProjects/chorus/messaging/node_modules/raw-body/index.js:227:7)
    at IncomingMessage.onEnd (/Users/jeffbridwell/CascadeProjects/chorus/messaging/node_modules/raw-body/index.js:287:7)
    at IncomingMessage.emit (node:events:518:28)
    at endReadableNT (node:internal/streams/readable:1696:12)
    at process.processTicksAndRejections (node:internal/process/task_queues:82:21)
SyntaxError: Bad control character in string literal in JSON at position 79
    at JSON.parse (<anonymous>)
    at parse (/Users/jeffbridwell/CascadeProjects/chorus/messaging/node_modules/body-parser/lib/types/json.js:92:19)
    at /Users/jeffbridwell/CascadeProjects/chorus/messaging/node_modules/body-parser/lib/read.js:128:18
    at AsyncResource.runInAsyncScope (node:async_hooks:206:9)
    at invokeCallback (/Users/jeffbridwell/CascadeProjects/chorus/messaging/node_modules/raw-body/index.js:238:16)
    at done (/Users/jeffbridwell/CascadeProjects/chorus/messaging/node_modules/raw-body/index.js:227:7)
    at IncomingMessage.onEnd (/Users/jeffbridwell/CascadeProjects/chorus/messaging/node_modules/raw-body/index.js:287:7)
    at IncomingMessage.emit (node:events:518:28)
    at endReadableNT (node:internal/streams/readable:1696:12)
    at process.processTicksAndRejections (node:internal/process/task_queues:82:21)
SyntaxError: Bad control character in string literal in JSON at position 104
    at JSON.parse (<anonymous>)
    at parse (/Users/jeffbridwell/CascadeProjects/chorus/messaging/node_modules/body-parser/lib/types/json.js:92:19)
    at /Users/jeffbridwell/CascadeProjects/chorus/messaging/node_modules/body-parser/lib/read.js:128:18
    at AsyncResource.runInAsyncScope (node:async_hooks:206:9)
    at invokeCallback (/Users/jeffbridwell/CascadeProjects/chorus/messaging/node_modules/raw-body/index.js:238:16)
    at done (/Users/jeffbridwell/CascadeProjects/chorus/messaging/node_modules/raw-body/index.js:227:7)
    at IncomingMessage.onEnd (/Users/jeffbridwell/CascadeProjects/chorus/messaging/node_modules/raw-body/index.js:287:7)
    at IncomingMessage.emit (node:events:518:28)
    at endReadableNT (node:internal/streams/readable:1696:12)
    at process.processTicksAndRejections (node:internal/process/task_queues:82:21)
SyntaxError: Bad control character in string literal in JSON at position 100
    at JSON.parse (<anonymous>)
    at parse (/Users/jeffbridwell/CascadeProjects/chorus/messaging/node_modules/body-parser/lib/types/json.js:92:19)
    at /Users/jeffbridwell/CascadeProjects/chorus/messaging/node_modules/body-parser/lib/read.js:128:18
    at AsyncResource.runInAsyncScope (node:async_hooks:206:9)
    at invokeCallback (/Users/jeffbridwell/CascadeProjects/chorus/messaging/node_modules/raw-body/index.js:238:16)
    at done (/Users/jeffbridwell/CascadeProjects/chorus/messaging/node_modules/raw-body/index.js:227:7)
    at IncomingMessage.onEnd (/Users/jeffbridwell/CascadeProjects/chorus/messaging/node_modules/raw-body/index.js:287:7)
    at IncomingMessage.emit (node:events:518:28)
    at endReadableNT (node:internal/streams/readable:1696:12)
    at process.processTicksAndRejections (node:internal/process/task_queues:82:21)
SyntaxError: Bad control character in string literal in JSON at position 140
    at JSON.parse (<anonymous>)
    at parse (/Users/jeffbridwell/CascadeProjects/chorus/messaging/node_modules/body-parser/lib/types/json.js:92:19)
    at /Users/jeffbridwell/CascadeProjects/chorus/messaging/node_modules/body-parser/lib/read.js:128:18
    at AsyncResource.runInAsyncScope (node:async_hooks:206:9)
    at invokeCallback (/Users/jeffbridwell/CascadeProjects/chorus/messaging/node_modules/raw-body/index.js:238:16)
    at done (/Users/jeffbridwell/CascadeProjects/chorus/messaging/node_modules/raw-body/index.js:227:7)
    at IncomingMessage.onEnd (/Users/jeffbridwell/CascadeProjects/chorus/messaging/node_modules/raw-body/index.js:287:7)
    at IncomingMessage.emit (node:events:518:28)
    at endReadableNT (node:internal/streams/readable:1696:12)
    at process.processTicksAndRejections (node:internal/process/task_queues:82:21)
SyntaxError: Bad control character in string literal in JSON at position 111
    at JSON.parse (<anonymous>)
    at parse (/Users/jeffbridwell/CascadeProjects/chorus/messaging/node_modules/body-parser/lib/types/json.js:92:19)
    at /Users/jeffbridwell/CascadeProjects/chorus/messaging/node_modules/body-parser/lib/read.js:128:18
    at AsyncResource.runInAsyncScope (node:async_hooks:206:9)
    at invokeCallback (/Users/jeffbridwell/CascadeProjects/chorus/messaging/node_modules/raw-body/index.js:238:16)
    at done (/Users/jeffbridwell/CascadeProjects/chorus/messaging/node_modules/raw-body/index.js:227:7)
    at IncomingMessage.onEnd (/Users/jeffbridwell/CascadeProjects/chorus/messaging/node_modules/raw-body/index.js:287:7)
    at IncomingMessage.emit (node:events:518:28)
    at endReadableNT (node:internal/streams/readable:1696:12)
    at process.processTicksAndRejections (node:internal/process/task_queues:82:21)
SyntaxError: Bad control character in string literal in JSON at position 230
    at JSON.parse (<anonymous>)
    at parse (/Users/jeffbridwell/CascadeProjects/chorus/messaging/node_modules/body-parser/lib/types/json.js:92:19)
    at /Users/jeffbridwell/CascadeProjects/chorus/messaging/node_modules/body-parser/lib/read.js:128:18
    at AsyncResource.runInAsyncScope (node:async_hooks:206:9)
    at invokeCallback (/Users/jeffbridwell/CascadeProjects/chorus/messaging/node_modules/raw-body/index.js:238:16)
    at done (/Users/jeffbridwell/CascadeProjects/chorus/messaging/node_modules/raw-body/index.js:227:7)
    at IncomingMessage.onEnd (/Users/jeffbridwell/CascadeProjects/chorus/messaging/node_modules/raw-body/index.js:287:7)
    at IncomingMessage.emit (node:events:518:28)
    at endReadableNT (node:internal/streams/readable:1696:12)
    at process.processTicksAndRejections (node:internal/process/task_queues:82:21)
SyntaxError: Bad control character in string literal in JSON at position 292
    at JSON.parse (<anonymous>)
    at parse (/Users/jeffbridwell/CascadeProjects/chorus/messaging/node_modules/body-parser/lib/types/json.js:92:19)
    at /Users/jeffbridwell/CascadeProjects/chorus/messaging/node_modules/body-parser/lib/read.js:128:18
    at AsyncResource.runInAsyncScope (node:async_hooks:206:9)
    at invokeCallback (/Users/jeffbridwell/CascadeProjects/chorus/messaging/node_modules/raw-body/index.js:238:16)
    at done (/Users/jeffbridwell/CascadeProjects/chorus/messaging/node_modules/raw-body/index.js:227:7)
    at IncomingMessage.onEnd (/Users/jeffbridwell/CascadeProjects/chorus/messaging/node_modules/raw-body/index.js:287:7)
    at IncomingMessage.emit (node:events:518:28)
    at endReadableNT (node:internal/streams/readable:1696:12)
    at process.processTicksAndRejections (node:internal/process/task_queues:82:21)
SyntaxError: Bad control character in string literal in JSON at position 88
    at JSON.parse (<anonymous>)
    at parse (/Users/jeffbridwell/CascadeProjects/chorus/messaging/node_modules/body-parser/lib/types/json.js:92:19)
    at /Users/jeffbridwell/CascadeProjects/chorus/messaging/node_modules/body-parser/lib/read.js:128:18
    at AsyncResource.runInAsyncScope (node:async_hooks:206:9)
    at invokeCallback (/Users/jeffbridwell/CascadeProjects/chorus/messaging/node_modules/raw-body/index.js:238:16)
    at done (/Users/jeffbridwell/CascadeProjects/chorus/messaging/node_modules/raw-body/index.js:227:7)
    at IncomingMessage.onEnd (/Users/jeffbridwell/CascadeProjects/chorus/messaging/node_modules/raw-body/index.js:287:7)
    at IncomingMessage.emit (node:events:518:28)
    at endReadableNT (node:internal/streams/readable:1696:12)
    at process.processTicksAndRejections (node:internal/process/task_queues:82:21)
SyntaxError: Bad control character in string literal in JSON at position 105
    at JSON.parse (<anonymous>)
    at parse (/Users/jeffbridwell/CascadeProjects/chorus/messaging/node_modules/body-parser/lib/types/json.js:92:19)
    at /Users/jeffbridwell/CascadeProjects/chorus/messaging/node_modules/body-parser/lib/read.js:128:18
    at AsyncResource.runInAsyncScope (node:async_hooks:206:9)
    at invokeCallback (/Users/jeffbridwell/CascadeProjects/chorus/messaging/node_modules/raw-body/index.js:238:16)
    at done (/Users/jeffbridwell/CascadeProjects/chorus/messaging/node_modules/raw-body/index.js:227:7)
    at IncomingMessage.onEnd (/Users/jeffbridwell/CascadeProjects/chorus/messaging/node_modules/raw-body/index.js:287:7)
    at IncomingMessage.emit (node:events:518:28)
    at endReadableNT (node:internal/streams/readable:1696:12)
    at process.processTicksAndRejections (node:internal/process/task_queues:82:21)
SyntaxError: Bad control character in string literal in JSON at position 97
    at JSON.parse (<anonymous>)
    at parse (/Users/jeffbridwell/CascadeProjects/chorus/messaging/node_modules/body-parser/lib/types/json.js:92:19)
    at /Users/jeffbridwell/CascadeProjects/chorus/messaging/node_modules/body-parser/lib/read.js:128:18
    at AsyncResource.runInAsyncScope (node:async_hooks:206:9)
    at invokeCallback (/Users/jeffbridwell/CascadeProjects/chorus/messaging/node_modules/raw-body/index.js:238:16)
    at done (/Users/jeffbridwell/CascadeProjects/chorus/messaging/node_modules/raw-body/index.js:227:7)
    at IncomingMessage.onEnd (/Users/jeffbridwell/CascadeProjects/chorus/messaging/node_modules/raw-body/index.js:287:7)
    at IncomingMessage.emit (node:events:518:28)
    at endReadableNT (node:internal/streams/readable:1696:12)
    at process.processTicksAndRejections (node:internal/process/task_queues:82:21)
SyntaxError: Bad control character in string literal in JSON at position 245
    at JSON.parse (<anonymous>)
    at parse (/Users/jeffbridwell/CascadeProjects/chorus/messaging/node_modules/body-parser/lib/types/json.js:92:19)
    at /Users/jeffbridwell/CascadeProjects/chorus/messaging/node_modules/body-parser/lib/read.js:128:18
    at AsyncResource.runInAsyncScope (node:async_hooks:206:9)
    at invokeCallback (/Users/jeffbridwell/CascadeProjects/chorus/messaging/node_modules/raw-body/index.js:238:16)
    at done (/Users/jeffbridwell/CascadeProjects/chorus/messaging/node_modules/raw-body/index.js:227:7)
    at IncomingMessage.onEnd (/Users/jeffbridwell/CascadeProjects/chorus/messaging/node_modules/raw-body/index.js:287:7)
    at IncomingMessage.emit (node:events:518:28)
    at endReadableNT (node:internal/streams/readable:1696:12)
    at process.processTicksAndRejections (node:internal/process/task_queues:82:21)
SyntaxError: Bad control character in string literal in JSON at position 81
    at JSON.parse (<anonymous>)
    at parse (/Users/jeffbridwell/CascadeProjects/chorus/messaging/node_modules/body-parser/lib/types/json.js:92:19)
    at /Users/jeffbridwell/CascadeProjects/chorus/messaging/node_modules/body-parser/lib/read.js:128:18
    at AsyncResource.runInAsyncScope (node:async_hooks:206:9)
    at invokeCallback (/Users/jeffbridwell/CascadeProjects/chorus/messaging/node_modules/raw-body/index.js:238:16)
    at done (/Users/jeffbridwell/CascadeProjects/chorus/messaging/node_modules/raw-body/index.js:227:7)
    at IncomingMessage.onEnd (/Users/jeffbridwell/CascadeProjects/chorus/messaging/node_modules/raw-body/index.js:287:7)
    at IncomingMessage.emit (node:events:518:28)
    at endReadableNT (node:internal/streams/readable:1696:12)
    at process.processTicksAndRejections (node:internal/process/task_queues:82:21)
SyntaxError: Bad control character in string literal in JSON at position 76
    at JSON.parse (<anonymous>)
    at parse (/Users/jeffbridwell/CascadeProjects/chorus/messaging/node_modules/body-parser/lib/types/json.js:92:19)
    at /Users/jeffbridwell/CascadeProjects/chorus/messaging/node_modules/body-parser/lib/read.js:128:18
    at AsyncResource.runInAsyncScope (node:async_hooks:206:9)
    at invokeCallback (/Users/jeffbridwell/CascadeProjects/chorus/messaging/node_modules/raw-body/index.js:238:16)
    at done (/Users/jeffbridwell/CascadeProjects/chorus/messaging/node_modules/raw-body/index.js:227:7)
    at IncomingMessage.onEnd (/Users/jeffbridwell/CascadeProjects/chorus/messaging/node_modules/raw-body/index.js:287:7)
    at IncomingMessage.emit (node:events:518:28)
    at endReadableNT (node:internal/streams/readable:1696:12)
    at process.processTicksAndRejections (node:internal/process/task_queues:82:21)
SyntaxError: Bad control character in string literal in JSON at position 71
    at JSON.parse (<anonymous>)
    at parse (/Users/jeffbridwell/CascadeProjects/chorus/messaging/node_modules/body-parser/lib/types/json.js:92:19)
    at /Users/jeffbridwell/CascadeProjects/chorus/messaging/node_modules/body-parser/lib/read.js:128:18
    at AsyncResource.runInAsyncScope (node:async_hooks:206:9)
    at invokeCallback (/Users/jeffbridwell/CascadeProjects/chorus/messaging/node_modules/raw-body/index.js:238:16)
    at done (/Users/jeffbridwell/CascadeProjects/chorus/messaging/node_modules/raw-body/index.js:227:7)
    at IncomingMessage.onEnd (/Users/jeffbridwell/CascadeProjects/chorus/messaging/node_modules/raw-body/index.js:287:7)
    at IncomingMessage.emit (node:events:518:28)
    at endReadableNT (node:internal/streams/readable:1696:12)
    at process.processTicksAndRejections (node:internal/process/task_queues:82:21)
SyntaxError: Bad control character in string literal in JSON at position 85
    at JSON.parse (<anonymous>)
    at parse (/Users/jeffbridwell/CascadeProjects/chorus/messaging/node_modules/body-parser/lib/types/json.js:92:19)
    at /Users/jeffbridwell/CascadeProjects/chorus/messaging/node_modules/body-parser/lib/read.js:128:18
    at AsyncResource.runInAsyncScope (node:async_hooks:206:9)
    at invokeCallback (/Users/jeffbridwell/CascadeProjects/chorus/messaging/node_modules/raw-body/index.js:238:16)
    at done (/Users/jeffbridwell/CascadeProjects/chorus/messaging/node_modules/raw-body/index.js:227:7)
    at IncomingMessage.onEnd (/Users/jeffbridwell/CascadeProjects/chorus/messaging/node_modules/raw-body/index.js:287:7)
    at IncomingMessage.emit (node:events:518:28)
    at endReadableNT (node:internal/streams/readable:1696:12)
    at process.processTicksAndRejections (node:internal/process/task_queues:82:21)
SyntaxError: Bad control character in string literal in JSON at position 64
    at JSON.parse (<anonymous>)
    at parse (/Users/jeffbridwell/CascadeProjects/chorus/messaging/node_modules/body-parser/lib/types/json.js:92:19)
    at /Users/jeffbridwell/CascadeProjects/chorus/messaging/node_modules/body-parser/lib/read.js:128:18
    at AsyncResource.runInAsyncScope (node:async_hooks:206:9)
    at invokeCallback (/Users/jeffbridwell/CascadeProjects/chorus/messaging/node_modules/raw-body/index.js:238:16)
    at done (/Users/jeffbridwell/CascadeProjects/chorus/messaging/node_modules/raw-body/index.js:227:7)
    at IncomingMessage.onEnd (/Users/jeffbridwell/CascadeProjects/chorus/messaging/node_modules/raw-body/index.js:287:7)
    at IncomingMessage.emit (node:events:518:28)
    at endReadableNT (node:internal/streams/readable:1696:12)
    at process.processTicksAndRejections (node:internal/process/task_queues:82:21)
SyntaxError: Bad control character in string literal in JSON at position 49
    at JSON.parse (<anonymous>)
    at parse (/Users/jeffbridwell/CascadeProjects/chorus/messaging/node_modules/body-parser/lib/types/json.js:92:19)
    at /Users/jeffbridwell/CascadeProjects/chorus/messaging/node_modules/body-parser/lib/read.js:128:18
    at AsyncResource.runInAsyncScope (node:async_hooks:206:9)
    at invokeCallback (/Users/jeffbridwell/CascadeProjects/chorus/messaging/node_modules/raw-body/index.js:238:16)
    at done (/Users/jeffbridwell/CascadeProjects/chorus/messaging/node_modules/raw-body/index.js:227:7)
    at IncomingMessage.onEnd (/Users/jeffbridwell/CascadeProjects/chorus/messaging/node_modules/raw-body/index.js:287:7)
    at IncomingMessage.emit (node:events:518:28)
    at endReadableNT (node:internal/streams/readable:1696:12)
    at process.processTicksAndRejections (node:internal/process/task_queues:82:21)
SyntaxError: Bad control character in string literal in JSON at position 240
    at JSON.parse (<anonymous>)
    at parse (/Users/jeffbridwell/CascadeProjects/chorus/messaging/node_modules/body-parser/lib/types/json.js:92:19)
    at /Users/jeffbridwell/CascadeProjects/chorus/messaging/node_modules/body-parser/lib/read.js:128:18
    at AsyncResource.runInAsyncScope (node:async_hooks:206:9)
    at invokeCallback (/Users/jeffbridwell/CascadeProjects/chorus/messaging/node_modules/raw-body/index.js:238:16)
    at done (/Users/jeffbridwell/CascadeProjects/chorus/messaging/node_modules/raw-body/index.js:227:7)
    at IncomingMessage.onEnd (/Users/jeffbridwell/CascadeProjects/chorus/messaging/node_modules/raw-body/index.js:287:7)
    at IncomingMessage.emit (node:events:518:28)
    at endReadableNT (node:internal/streams/readable:1696:12)
    at process.processTicksAndRejections (node:internal/process/task_queues:82:21)
SyntaxError: Bad control character in string literal in JSON at position 57
    at JSON.parse (<anonymous>)
    at parse (/Users/jeffbridwell/CascadeProjects/chorus/messaging/node_modules/body-parser/lib/types/json.js:92:19)
    at /Users/jeffbridwell/CascadeProjects/chorus/messaging/node_modules/body-parser/lib/read.js:128:18
    at AsyncResource.runInAsyncScope (node:async_hooks:206:9)
    at invokeCallback (/Users/jeffbridwell/CascadeProjects/chorus/messaging/node_modules/raw-body/index.js:238:16)
    at done (/Users/jeffbridwell/CascadeProjects/chorus/messaging/node_modules/raw-body/index.js:227:7)
    at IncomingMessage.onEnd (/Users/jeffbridwell/CascadeProjects/chorus/messaging/node_modules/raw-body/index.js:287:7)
    at IncomingMessage.emit (node:events:518:28)
    at endReadableNT (node:internal/streams/readable:1696:12)
    at process.processTicksAndRejections (node:internal/process/task_queues:82:21)
SyntaxError: Bad control character in string literal in JSON at position 204
    at JSON.parse (<anonymous>)
    at parse (/Users/jeffbridwell/CascadeProjects/chorus/messaging/node_modules/body-parser/lib/types/json.js:92:19)
    at /Users/jeffbridwell/CascadeProjects/chorus/messaging/node_modules/body-parser/lib/read.js:128:18
    at AsyncResource.runInAsyncScope (node:async_hooks:206:9)
    at invokeCallback (/Users/jeffbridwell/CascadeProjects/chorus/messaging/node_modules/raw-body/index.js:238:16)
    at done (/Users/jeffbridwell/CascadeProjects/chorus/messaging/node_modules/raw-body/index.js:227:7)
    at IncomingMessage.onEnd (/Users/jeffbridwell/CascadeProjects/chorus/messaging/node_modules/raw-body/index.js:287:7)
    at IncomingMessage.emit (node:events:518:28)
    at endReadableNT (node:internal/streams/readable:1696:12)
    at process.processTicksAndRejections (node:internal/process/task_queues:82:21)
SyntaxError: Bad control character in string literal in JSON at position 99
    at JSON.parse (<anonymous>)
    at parse (/Users/jeffbridwell/CascadeProjects/chorus/messaging/node_modules/body-parser/lib/types/json.js:92:19)
    at /Users/jeffbridwell/CascadeProjects/chorus/messaging/node_modules/body-parser/lib/read.js:128:18
    at AsyncResource.runInAsyncScope (node:async_hooks:206:9)
    at invokeCallback (/Users/jeffbridwell/CascadeProjects/chorus/messaging/node_modules/raw-body/index.js:238:16)
    at done (/Users/jeffbridwell/CascadeProjects/chorus/messaging/node_modules/raw-body/index.js:227:7)
    at IncomingMessage.onEnd (/Users/jeffbridwell/CascadeProjects/chorus/messaging/node_modules/raw-body/index.js:287:7)
    at IncomingMessage.emit (node:events:518:28)
    at endReadableNT (node:internal/streams/readable:1696:12)
    at process.processTicksAndRejections (node:internal/process/task_queues:82:21)
SyntaxError: Bad control character in string literal in JSON at position 199
    at JSON.parse (<anonymous>)
    at parse (/Users/jeffbridwell/CascadeProjects/chorus/messaging/node_modules/body-parser/lib/types/json.js:92:19)
    at /Users/jeffbridwell/CascadeProjects/chorus/messaging/node_modules/body-parser/lib/read.js:128:18
    at AsyncResource.runInAsyncScope (node:async_hooks:206:9)
    at invokeCallback (/Users/jeffbridwell/CascadeProjects/chorus/messaging/node_modules/raw-body/index.js:238:16)
    at done (/Users/jeffbridwell/CascadeProjects/chorus/messaging/node_modules/raw-body/index.js:227:7)
    at IncomingMessage.onEnd (/Users/jeffbridwell/CascadeProjects/chorus/messaging/node_modules/raw-body/index.js:287:7)
    at IncomingMessage.emit (node:events:518:28)
    at endReadableNT (node:internal/streams/readable:1696:12)
    at process.processTicksAndRejections (node:internal/process/task_queues:82:21)
SyntaxError: Bad control character in string literal in JSON at position 96
    at JSON.parse (<anonymous>)
    at parse (/Users/jeffbridwell/CascadeProjects/chorus/messaging/node_modules/body-parser/lib/types/json.js:92:19)
    at /Users/jeffbridwell/CascadeProjects/chorus/messaging/node_modules/body-parser/lib/read.js:128:18
    at AsyncResource.runInAsyncScope (node:async_hooks:206:9)
    at invokeCallback (/Users/jeffbridwell/CascadeProjects/chorus/messaging/node_modules/raw-body/index.js:238:16)
    at done (/Users/jeffbridwell/CascadeProjects/chorus/messaging/node_modules/raw-body/index.js:227:7)
    at IncomingMessage.onEnd (/Users/jeffbridwell/CascadeProjects/chorus/messaging/node_modules/raw-body/index.js:287:7)
    at IncomingMessage.emit (node:events:518:28)
    at endReadableNT (node:internal/streams/readable:1696:12)
    at process.processTicksAndRejections (node:internal/process/task_queues:82:21)
SyntaxError: Bad control character in string literal in JSON at position 201
    at JSON.parse (<anonymous>)
    at parse (/Users/jeffbridwell/CascadeProjects/chorus/messaging/node_modules/body-parser/lib/types/json.js:92:19)
    at /Users/jeffbridwell/CascadeProjects/chorus/messaging/node_modules/body-parser/lib/read.js:128:18
    at AsyncResource.runInAsyncScope (node:async_hooks:206:9)
    at invokeCallback (/Users/jeffbridwell/CascadeProjects/chorus/messaging/node_modules/raw-body/index.js:238:16)
    at done (/Users/jeffbridwell/CascadeProjects/chorus/messaging/node_modules/raw-body/index.js:227:7)
    at IncomingMessage.onEnd (/Users/jeffbridwell/CascadeProjects/chorus/messaging/node_modules/raw-body/index.js:287:7)
    at IncomingMessage.emit (node:events:518:28)
    at endReadableNT (node:internal/streams/readable:1696:12)
    at process.processTicksAndRejections (node:internal/process/task_queues:82:21)
SyntaxError: Bad control character in string literal in JSON at position 143
    at JSON.parse (<anonymous>)
    at parse (/Users/jeffbridwell/CascadeProjects/chorus/messaging/node_modules/body-parser/lib/types/json.js:92:19)
    at /Users/jeffbridwell/CascadeProjects/chorus/messaging/node_modules/body-parser/lib/read.js:128:18
    at AsyncResource.runInAsyncScope (node:async_hooks:206:9)
    at invokeCallback (/Users/jeffbridwell/CascadeProjects/chorus/messaging/node_modules/raw-body/index.js:238:16)
    at done (/Users/jeffbridwell/CascadeProjects/chorus/messaging/node_modules/raw-body/index.js:227:7)
    at IncomingMessage.onEnd (/Users/jeffbridwell/CascadeProjects/chorus/messaging/node_modules/raw-body/index.js:287:7)
    at IncomingMessage.emit (node:events:518:28)
    at endReadableNT (node:internal/streams/readable:1696:12)
    at process.processTicksAndRejections (node:internal/process/task_queues:82:21)
SyntaxError: Bad control character in string literal in JSON at position 228
    at JSON.parse (<anonymous>)
    at parse (/Users/jeffbridwell/CascadeProjects/chorus/messaging/node_modules/body-parser/lib/types/json.js:92:19)
    at /Users/jeffbridwell/CascadeProjects/chorus/messaging/node_modules/body-parser/lib/read.js:128:18
    at AsyncResource.runInAsyncScope (node:async_hooks:206:9)
    at invokeCallback (/Users/jeffbridwell/CascadeProjects/chorus/messaging/node_modules/raw-body/index.js:238:16)
    at done (/Users/jeffbridwell/CascadeProjects/chorus/messaging/node_modules/raw-body/index.js:227:7)
    at IncomingMessage.onEnd (/Users/jeffbridwell/CascadeProjects/chorus/messaging/node_modules/raw-body/index.js:287:7)
    at IncomingMessage.emit (node:events:518:28)
    at endReadableNT (node:internal/streams/readable:1696:12)
    at process.processTicksAndRejections (node:internal/process/task_queues:82:21)
SyntaxError: Bad control character in string literal in JSON at position 65
    at JSON.parse (<anonymous>)
    at parse (/Users/jeffbridwell/CascadeProjects/chorus/messaging/node_modules/body-parser/lib/types/json.js:92:19)
    at /Users/jeffbridwell/CascadeProjects/chorus/messaging/node_modules/body-parser/lib/read.js:128:18
    at AsyncResource.runInAsyncScope (node:async_hooks:206:9)
    at invokeCallback (/Users/jeffbridwell/CascadeProjects/chorus/messaging/node_modules/raw-body/index.js:238:16)
    at done (/Users/jeffbridwell/CascadeProjects/chorus/messaging/node_modules/raw-body/index.js:227:7)
    at IncomingMessage.onEnd (/Users/jeffbridwell/CascadeProjects/chorus/messaging/node_modules/raw-body/index.js:287:7)
    at IncomingMessage.emit (node:events:518:28)
    at endReadableNT (node:internal/streams/readable:1696:12)
    at process.processTicksAndRejections (node:internal/process/task_queues:82:21)
SyntaxError: Bad control character in string literal in JSON at position 243
    at JSON.parse (<anonymous>)
    at parse (/Users/jeffbridwell/CascadeProjects/chorus/messaging/node_modules/body-parser/lib/types/json.js:92:19)
    at /Users/jeffbridwell/CascadeProjects/chorus/messaging/node_modules/body-parser/lib/read.js:128:18
    at AsyncResource.runInAsyncScope (node:async_hooks:206:9)
    at invokeCallback (/Users/jeffbridwell/CascadeProjects/chorus/messaging/node_modules/raw-body/index.js:238:16)
    at done (/Users/jeffbridwell/CascadeProjects/chorus/messaging/node_modules/raw-body/index.js:227:7)
    at IncomingMessage.onEnd (/Users/jeffbridwell/CascadeProjects/chorus/messaging/node_modules/raw-body/index.js:287:7)
    at IncomingMessage.emit (node:events:518:28)
    at endReadableNT (node:internal/streams/readable:1696:12)
    at process.processTicksAndRejections (node:internal/process/task_queues:82:21)
SyntaxError: Bad control character in string literal in JSON at position 81
    at JSON.parse (<anonymous>)
    at parse (/Users/jeffbridwell/CascadeProjects/chorus/messaging/node_modules/body-parser/lib/types/json.js:92:19)
    at /Users/jeffbridwell/CascadeProjects/chorus/messaging/node_modules/body-parser/lib/read.js:128:18
    at AsyncResource.runInAsyncScope (node:async_hooks:206:9)
    at invokeCallback (/Users/jeffbridwell/CascadeProjects/chorus/messaging/node_modules/raw-body/index.js:238:16)
    at done (/Users/jeffbridwell/CascadeProjects/chorus/messaging/node_modules/raw-body/index.js:227:7)
    at IncomingMessage.onEnd (/Users/jeffbridwell/CascadeProjects/chorus/messaging/node_modules/raw-body/index.js:287:7)
    at IncomingMessage.emit (node:events:518:28)
    at endReadableNT (node:internal/streams/readable:1696:12)
    at process.processTicksAndRejections (node:internal/process/task_queues:82:21)
SyntaxError: Bad control character in string literal in JSON at position 216
    at JSON.parse (<anonymous>)
    at parse (/Users/jeffbridwell/CascadeProjects/chorus/messaging/node_modules/body-parser/lib/types/json.js:92:19)
    at /Users/jeffbridwell/CascadeProjects/chorus/messaging/node_modules/body-parser/lib/read.js:128:18
    at AsyncResource.runInAsyncScope (node:async_hooks:206:9)
    at invokeCallback (/Users/jeffbridwell/CascadeProjects/chorus/messaging/node_modules/raw-body/index.js:238:16)
    at done (/Users/jeffbridwell/CascadeProjects/chorus/messaging/node_modules/raw-body/index.js:227:7)
    at IncomingMessage.onEnd (/Users/jeffbridwell/CascadeProjects/chorus/messaging/node_modules/raw-body/index.js:287:7)
    at IncomingMessage.emit (node:events:518:28)
    at endReadableNT (node:internal/streams/readable:1696:12)
    at process.processTicksAndRejections (node:internal/process/task_queues:82:21)
SyntaxError: Bad control character in string literal in JSON at position 45
    at JSON.parse (<anonymous>)
    at parse (/Users/jeffbridwell/CascadeProjects/chorus/messaging/node_modules/body-parser/lib/types/json.js:92:19)
    at /Users/jeffbridwell/CascadeProjects/chorus/messaging/node_modules/body-parser/lib/read.js:128:18
    at AsyncResource.runInAsyncScope (node:async_hooks:206:9)
    at invokeCallback (/Users/jeffbridwell/CascadeProjects/chorus/messaging/node_modules/raw-body/index.js:238:16)
    at done (/Users/jeffbridwell/CascadeProjects/chorus/messaging/node_modules/raw-body/index.js:227:7)
    at IncomingMessage.onEnd (/Users/jeffbridwell/CascadeProjects/chorus/messaging/node_modules/raw-body/index.js:287:7)
    at IncomingMessage.emit (node:events:518:28)
    at endReadableNT (node:internal/streams/readable:1696:12)
    at process.processTicksAndRejections (node:internal/process/task_queues:82:21)
SyntaxError: Bad control character in string literal in JSON at position 213
    at JSON.parse (<anonymous>)
    at parse (/Users/jeffbridwell/CascadeProjects/chorus/messaging/node_modules/body-parser/lib/types/json.js:92:19)
    at /Users/jeffbridwell/CascadeProjects/chorus/messaging/node_modules/body-parser/lib/read.js:128:18
    at AsyncResource.runInAsyncScope (node:async_hooks:206:9)
    at invokeCallback (/Users/jeffbridwell/CascadeProjects/chorus/messaging/node_modules/raw-body/index.js:238:16)
    at done (/Users/jeffbridwell/CascadeProjects/chorus/messaging/node_modules/raw-body/index.js:227:7)
    at IncomingMessage.onEnd (/Users/jeffbridwell/CascadeProjects/chorus/messaging/node_modules/raw-body/index.js:287:7)
    at IncomingMessage.emit (node:events:518:28)
    at endReadableNT (node:internal/streams/readable:1696:12)
    at process.processTicksAndRejections (node:internal/process/task_queues:82:21)
SyntaxError: Bad control character in string literal in JSON at position 149
    at JSON.parse (<anonymous>)
    at parse (/Users/jeffbridwell/CascadeProjects/chorus/messaging/node_modules/body-parser/lib/types/json.js:92:19)
    at /Users/jeffbridwell/CascadeProjects/chorus/messaging/node_modules/body-parser/lib/read.js:128:18
    at AsyncResource.runInAsyncScope (node:async_hooks:206:9)
    at invokeCallback (/Users/jeffbridwell/CascadeProjects/chorus/messaging/node_modules/raw-body/index.js:238:16)
    at done (/Users/jeffbridwell/CascadeProjects/chorus/messaging/node_modules/raw-body/index.js:227:7)
    at IncomingMessage.onEnd (/Users/jeffbridwell/CascadeProjects/chorus/messaging/node_modules/raw-body/index.js:287:7)
    at IncomingMessage.emit (node:events:518:28)
    at endReadableNT (node:internal/streams/readable:1696:12)
    at process.processTicksAndRejections (node:internal/process/task_queues:82:21)
SyntaxError: Bad control character in string literal in JSON at position 148
    at JSON.parse (<anonymous>)
    at parse (/Users/jeffbridwell/CascadeProjects/chorus/messaging/node_modules/body-parser/lib/types/json.js:92:19)
    at /Users/jeffbridwell/CascadeProjects/chorus/messaging/node_modules/body-parser/lib/read.js:128:18
    at AsyncResource.runInAsyncScope (node:async_hooks:206:9)
    at invokeCallback (/Users/jeffbridwell/CascadeProjects/chorus/messaging/node_modules/raw-body/index.js:238:16)
    at done (/Users/jeffbridwell/CascadeProjects/chorus/messaging/node_modules/raw-body/index.js:227:7)
    at IncomingMessage.onEnd (/Users/jeffbridwell/CascadeProjects/chorus/messaging/node_modules/raw-body/index.js:287:7)
    at IncomingMessage.emit (node:events:518:28)
    at endReadableNT (node:internal/streams/readable:1696:12)
    at process.processTicksAndRejections (node:internal/process/task_queues:82:21)
SyntaxError: Bad control character in string literal in JSON at position 129
    at JSON.parse (<anonymous>)
    at parse (/Users/jeffbridwell/CascadeProjects/chorus/messaging/node_modules/body-parser/lib/types/json.js:92:19)
    at /Users/jeffbridwell/CascadeProjects/chorus/messaging/node_modules/body-parser/lib/read.js:128:18
    at AsyncResource.runInAsyncScope (node:async_hooks:206:9)
    at invokeCallback (/Users/jeffbridwell/CascadeProjects/chorus/messaging/node_modules/raw-body/index.js:238:16)
    at done (/Users/jeffbridwell/CascadeProjects/chorus/messaging/node_modules/raw-body/index.js:227:7)
    at IncomingMessage.onEnd (/Users/jeffbridwell/CascadeProjects/chorus/messaging/node_modules/raw-body/index.js:287:7)
    at IncomingMessage.emit (node:events:518:28)
    at endReadableNT (node:internal/streams/readable:1696:12)
    at process.processTicksAndRejections (node:internal/process/task_queues:82:21)
SyntaxError: Bad control character in string literal in JSON at position 258
    at JSON.parse (<anonymous>)
    at parse (/Users/jeffbridwell/CascadeProjects/chorus/messaging/node_modules/body-parser/lib/types/json.js:92:19)
    at /Users/jeffbridwell/CascadeProjects/chorus/messaging/node_modules/body-parser/lib/read.js:128:18
    at AsyncResource.runInAsyncScope (node:async_hooks:206:9)
    at invokeCallback (/Users/jeffbridwell/CascadeProjects/chorus/messaging/node_modules/raw-body/index.js:238:16)
    at done (/Users/jeffbridwell/CascadeProjects/chorus/messaging/node_modules/raw-body/index.js:227:7)
    at IncomingMessage.onEnd (/Users/jeffbridwell/CascadeProjects/chorus/messaging/node_modules/raw-body/index.js:287:7)
    at IncomingMessage.emit (node:events:518:28)
    at endReadableNT (node:internal/streams/readable:1696:12)
    at process.processTicksAndRejections (node:internal/process/task_queues:82:21)
SyntaxError: Bad control character in string literal in JSON at position 255
    at JSON.parse (<anonymous>)
    at parse (/Users/jeffbridwell/CascadeProjects/chorus/messaging/node_modules/body-parser/lib/types/json.js:92:19)
    at /Users/jeffbridwell/CascadeProjects/chorus/messaging/node_modules/body-parser/lib/read.js:128:18
    at AsyncResource.runInAsyncScope (node:async_hooks:206:9)
    at invokeCallback (/Users/jeffbridwell/CascadeProjects/chorus/messaging/node_modules/raw-body/index.js:238:16)
    at done (/Users/jeffbridwell/CascadeProjects/chorus/messaging/node_modules/raw-body/index.js:227:7)
    at IncomingMessage.onEnd (/Users/jeffbridwell/CascadeProjects/chorus/messaging/node_modules/raw-body/index.js:287:7)
    at IncomingMessage.emit (node:events:518:28)
    at endReadableNT (node:internal/streams/readable:1696:12)
    at process.processTicksAndRejections (node:internal/process/task_queues:82:21)
SyntaxError: Bad control character in string literal in JSON at position 46
    at JSON.parse (<anonymous>)
    at parse (/Users/jeffbridwell/CascadeProjects/chorus/messaging/node_modules/body-parser/lib/types/json.js:92:19)
    at /Users/jeffbridwell/CascadeProjects/chorus/messaging/node_modules/body-parser/lib/read.js:128:18
    at AsyncResource.runInAsyncScope (node:async_hooks:206:9)
    at invokeCallback (/Users/jeffbridwell/CascadeProjects/chorus/messaging/node_modules/raw-body/index.js:238:16)
    at done (/Users/jeffbridwell/CascadeProjects/chorus/messaging/node_modules/raw-body/index.js:227:7)
    at IncomingMessage.onEnd (/Users/jeffbridwell/CascadeProjects/chorus/messaging/node_modules/raw-body/index.js:287:7)
    at IncomingMessage.emit (node:events:518:28)
    at endReadableNT (node:internal/streams/readable:1696:12)
    at process.processTicksAndRejections (node:internal/process/task_queues:82:21)
SyntaxError: Bad control character in string literal in JSON at position 369
    at JSON.parse (<anonymous>)
    at parse (/Users/jeffbridwell/CascadeProjects/chorus/messaging/node_modules/body-parser/lib/types/json.js:92:19)
    at /Users/jeffbridwell/CascadeProjects/chorus/messaging/node_modules/body-parser/lib/read.js:128:18
    at AsyncResource.runInAsyncScope (node:async_hooks:206:9)
    at invokeCallback (/Users/jeffbridwell/CascadeProjects/chorus/messaging/node_modules/raw-body/index.js:238:16)
    at done (/Users/jeffbridwell/CascadeProjects/chorus/messaging/node_modules/raw-body/index.js:227:7)
    at IncomingMessage.onEnd (/Users/jeffbridwell/CascadeProjects/chorus/messaging/node_modules/raw-body/index.js:287:7)
    at IncomingMessage.emit (node:events:518:28)
    at endReadableNT (node:internal/streams/readable:1696:12)
    at process.processTicksAndRejections (node:internal/process/task_queues:82:21)
SyntaxError: Bad control character in string literal in JSON at position 77
    at JSON.parse (<anonymous>)
    at parse (/Users/jeffbridwell/CascadeProjects/chorus/messaging/node_modules/body-parser/lib/types/json.js:92:19)
    at /Users/jeffbridwell/CascadeProjects/chorus/messaging/node_modules/body-parser/lib/read.js:128:18
    at AsyncResource.runInAsyncScope (node:async_hooks:206:9)
    at invokeCallback (/Users/jeffbridwell/CascadeProjects/chorus/messaging/node_modules/raw-body/index.js:238:16)
    at done (/Users/jeffbridwell/CascadeProjects/chorus/messaging/node_modules/raw-body/index.js:227:7)
    at IncomingMessage.onEnd (/Users/jeffbridwell/CascadeProjects/chorus/messaging/node_modules/raw-body/index.js:287:7)
    at IncomingMessage.emit (node:events:518:28)
    at endReadableNT (node:internal/streams/readable:1696:12)
    at process.processTicksAndRejections (node:internal/process/task_queues:82:21)
